------------------------------------------------
Elephas maximus
------------------------------------------------
Loxodonta africana
------------------------------------------------
Lepilemur mustelinus
------------------------------------------------
Equus caballus
------------------------------------------------
Equus burchelli
------------------------------------------------
Callithrix jacchus
------------------------------------------------
Aotus trivirgatus
------------------------------------------------
Macaca fascicularis
------------------------------------------------
Orycteropus afer
------------------------------------------------
Perodicticus potto edwarsi
------------------------------------------------
Semnopithecus entellus
------------------------------------------------
Papio anubis
------------------------------------------------
Erythrocebus patas
------------------------------------------------
Sus scrofa
------------------------------------------------
Homo sapiens
------------------------------------------------
